::ffff:127.0.0.1 - - [06/Dec/2023:17:51:47 +0000] "GET /api/expense/getexpense?page=1&row=10 HTTP/1.1" 401 17
::ffff:127.0.0.1 - - [06/Dec/2023:17:52:58 +0000] "GET /api/expense/getexpense?page=1&row=10 HTTP/1.1" 401 17
::ffff:127.0.0.1 - - [06/Dec/2023:17:52:59 +0000] "GET /api/expense/getexpense?page=1&row=10 HTTP/1.1" 401 17
::ffff:127.0.0.1 - - [06/Dec/2023:17:57:01 +0000] "GET /api/expense/getexpense?page=1&row=10 HTTP/1.1" 401 17
::1 - - [06/Dec/2023:18:02:17 +0000] "GET /api/expense/getexpense?page=1&row=10 HTTP/1.1" 401 17
::1 - - [06/Dec/2023:18:02:18 +0000] "GET /favicon.ico HTTP/1.1" 404 150
::1 - - [06/Dec/2023:18:02:27 +0000] "GET /api/expense/getexpense?page=1&row=10 HTTP/1.1" 401 17
::1 - - [06/Dec/2023:18:05:10 +0000] "GET /api/expense/getexpense?page=1&row=10 HTTP/1.1" 401 17
::1 - - [06/Dec/2023:18:05:21 +0000] "GET /api/expense/getexpense?page=1&row=10 HTTP/1.1" 401 17
::1 - - [06/Dec/2023:18:05:25 +0000] "GET /api/expense/getexpense?page=1&row=10 HTTP/1.1" 401 17
::1 - - [06/Dec/2023:18:05:25 +0000] "GET /api/expense/getexpense?page=1&row=10 HTTP/1.1" 401 17
::1 - - [06/Dec/2023:18:05:43 +0000] "POST /api/auth/signup HTTP/1.1" 200 304
::1 - - [06/Dec/2023:18:06:40 +0000] "POST /api/auth/signup HTTP/1.1" 200 44
::1 - - [06/Dec/2023:18:07:12 +0000] "GET /api/expense/getexpense?page=1&row=10 HTTP/1.1" 401 17
::1 - - [06/Dec/2023:18:07:59 +0000] "GET /api/expense/getexpense?page=1&row=10 HTTP/1.1" 200 1606
::1 - - [06/Dec/2023:18:17:21 +0000] "POST /api/expense/addexpense HTTP/1.1" 200 154
::1 - - [06/Dec/2023:18:17:21 +0000] "GET /api/expense/getexpense?page=1&row=10 HTTP/1.1" 200 1606
::1 - - [06/Dec/2023:18:17:54 +0000] "GET /api/expense/getexpense?page=1&row=10 HTTP/1.1" 401 17
::1 - - [06/Dec/2023:18:18:05 +0000] "GET /api/expense/getexpense?page=1&row=10 HTTP/1.1" 401 17
::1 - - [16/Dec/2023:17:12:43 +0000] "GET / HTTP/1.1" 200 74
::1 - - [16/Dec/2023:17:12:44 +0000] "GET /favicon.ico HTTP/1.1" 200 74
::1 - - [16/Dec/2023:17:13:26 +0000] "GET / HTTP/1.1" 200 74
::1 - - [16/Dec/2023:17:13:26 +0000] "GET /favicon.ico HTTP/1.1" 200 74
::1 - - [16/Dec/2023:17:13:30 +0000] "GET / HTTP/1.1" 200 74
::1 - - [16/Dec/2023:17:13:30 +0000] "GET /favicon.ico HTTP/1.1" 200 74
::1 - - [16/Dec/2023:17:13:31 +0000] "GET / HTTP/1.1" 200 74
::1 - - [16/Dec/2023:17:13:31 +0000] "GET /favicon.ico HTTP/1.1" 200 74
::1 - - [16/Dec/2023:17:13:46 +0000] "GET / HTTP/1.1" 200 74
::1 - - [16/Dec/2023:17:13:46 +0000] "GET /favicon.ico HTTP/1.1" 200 74
::1 - - [16/Dec/2023:17:13:48 +0000] "GET / HTTP/1.1" 200 74
::1 - - [16/Dec/2023:17:13:48 +0000] "GET /favicon.ico HTTP/1.1" 200 74
::1 - - [16/Dec/2023:17:13:48 +0000] "GET / HTTP/1.1" 200 74
::1 - - [16/Dec/2023:17:13:49 +0000] "GET /favicon.ico HTTP/1.1" 200 74
::1 - - [16/Dec/2023:17:13:49 +0000] "GET / HTTP/1.1" 200 74
::1 - - [16/Dec/2023:17:13:49 +0000] "GET /favicon.ico HTTP/1.1" 200 74
::1 - - [16/Dec/2023:17:13:49 +0000] "GET / HTTP/1.1" 200 74
::1 - - [16/Dec/2023:17:13:49 +0000] "GET /favicon.ico HTTP/1.1" 200 74
::1 - - [16/Dec/2023:17:17:56 +0000] "GET / HTTP/1.1" 500 3166
::1 - - [16/Dec/2023:17:18:44 +0000] "GET / HTTP/1.1" 200 74
::1 - - [16/Dec/2023:17:18:44 +0000] "GET /favicon.ico HTTP/1.1" 200 74
::1 - - [16/Dec/2023:17:18:46 +0000] "GET / HTTP/1.1" 200 74
::1 - - [16/Dec/2023:17:18:46 +0000] "GET /favicon.ico HTTP/1.1" 200 74
::1 - - [16/Dec/2023:17:18:46 +0000] "GET / HTTP/1.1" 200 74
::1 - - [16/Dec/2023:17:18:46 +0000] "GET /favicon.ico HTTP/1.1" 200 74
::1 - - [16/Dec/2023:17:18:47 +0000] "GET / HTTP/1.1" 200 74
::1 - - [16/Dec/2023:17:18:47 +0000] "GET /favicon.ico HTTP/1.1" 200 74
::1 - - [16/Dec/2023:17:18:47 +0000] "GET / HTTP/1.1" 200 74
::1 - - [16/Dec/2023:17:18:47 +0000] "GET /favicon.ico HTTP/1.1" 200 74
::1 - - [16/Dec/2023:17:20:27 +0000] "GET / HTTP/1.1" 200 74
::1 - - [16/Dec/2023:17:20:27 +0000] "GET /favicon.ico HTTP/1.1" 200 74
::1 - - [16/Dec/2023:17:20:31 +0000] "GET / HTTP/1.1" 200 74
::1 - - [16/Dec/2023:17:20:31 +0000] "GET /favicon.ico HTTP/1.1" 200 74
::1 - - [16/Dec/2023:17:20:32 +0000] "GET / HTTP/1.1" 200 74
::1 - - [16/Dec/2023:17:20:33 +0000] "GET /favicon.ico HTTP/1.1" 200 74
::1 - - [16/Dec/2023:17:20:33 +0000] "GET / HTTP/1.1" 200 74
::1 - - [16/Dec/2023:17:20:33 +0000] "GET /favicon.ico HTTP/1.1" 200 74
::1 - - [16/Dec/2023:17:20:47 +0000] "GET / HTTP/1.1" 200 74
::1 - - [16/Dec/2023:17:20:47 +0000] "GET /favicon.ico HTTP/1.1" 200 74
::1 - - [16/Dec/2023:17:24:12 +0000] "GET / HTTP/1.1" 200 74
::1 - - [16/Dec/2023:17:24:12 +0000] "GET /favicon.ico HTTP/1.1" 200 74
::1 - - [16/Dec/2023:17:24:58 +0000] "GET / HTTP/1.1" 200 3571
::1 - - [16/Dec/2023:17:24:58 +0000] "GET /script.js HTTP/1.1" 200 3571
::1 - - [16/Dec/2023:17:24:59 +0000] "GET /favicon.ico HTTP/1.1" 200 3571
::1 - - [16/Dec/2023:17:25:01 +0000] "GET / HTTP/1.1" 200 3571
::1 - - [16/Dec/2023:17:25:01 +0000] "GET /script.js HTTP/1.1" 304 -
::1 - - [16/Dec/2023:17:25:01 +0000] "GET /favicon.ico HTTP/1.1" 200 3571
::1 - - [16/Dec/2023:17:25:04 +0000] "GET / HTTP/1.1" 200 3571
::1 - - [16/Dec/2023:17:25:04 +0000] "GET /script.js HTTP/1.1" 304 -
::1 - - [16/Dec/2023:17:25:04 +0000] "GET /favicon.ico HTTP/1.1" 200 3571
::1 - - [16/Dec/2023:17:25:17 +0000] "GET / HTTP/1.1" 200 3571
::1 - - [16/Dec/2023:17:25:17 +0000] "GET /script.js HTTP/1.1" 304 -
::1 - - [16/Dec/2023:17:25:17 +0000] "GET /favicon.ico HTTP/1.1" 200 3571
::1 - - [16/Dec/2023:17:25:18 +0000] "GET / HTTP/1.1" 200 3571
::1 - - [16/Dec/2023:17:25:18 +0000] "GET /script.js HTTP/1.1" 304 -
::1 - - [16/Dec/2023:17:25:18 +0000] "GET /favicon.ico HTTP/1.1" 200 3571
::1 - - [16/Dec/2023:17:25:18 +0000] "GET / HTTP/1.1" 200 3571
::1 - - [16/Dec/2023:17:25:18 +0000] "GET /script.js HTTP/1.1" 304 -
::1 - - [16/Dec/2023:17:25:18 +0000] "GET /favicon.ico HTTP/1.1" 200 3571
::1 - - [16/Dec/2023:17:25:18 +0000] "GET / HTTP/1.1" 200 3571
::1 - - [16/Dec/2023:17:25:18 +0000] "GET /script.js HTTP/1.1" 304 -
::1 - - [16/Dec/2023:17:25:18 +0000] "GET /favicon.ico HTTP/1.1" 200 3571
::1 - - [16/Dec/2023:17:25:18 +0000] "GET / HTTP/1.1" 200 3571
::1 - - [16/Dec/2023:17:25:18 +0000] "GET /script.js HTTP/1.1" 304 -
::1 - - [16/Dec/2023:17:25:19 +0000] "GET /favicon.ico HTTP/1.1" 200 3571
::1 - - [16/Dec/2023:17:25:19 +0000] "GET / HTTP/1.1" 200 3571
::1 - - [16/Dec/2023:17:25:19 +0000] "GET /script.js HTTP/1.1" 304 -
::1 - - [16/Dec/2023:17:25:19 +0000] "GET /favicon.ico HTTP/1.1" 200 3571
::1 - - [16/Dec/2023:17:25:19 +0000] "GET / HTTP/1.1" 200 3571
::1 - - [16/Dec/2023:17:25:19 +0000] "GET /script.js HTTP/1.1" 304 -
::1 - - [16/Dec/2023:17:25:19 +0000] "GET /favicon.ico HTTP/1.1" 200 3571
::1 - - [16/Dec/2023:17:25:19 +0000] "GET / HTTP/1.1" 200 3571
::1 - - [16/Dec/2023:17:25:19 +0000] "GET /script.js HTTP/1.1" 304 -
::1 - - [16/Dec/2023:17:25:19 +0000] "GET /favicon.ico HTTP/1.1" 200 3571
::1 - - [16/Dec/2023:17:25:19 +0000] "GET / HTTP/1.1" 200 3571
::1 - - [16/Dec/2023:17:25:19 +0000] "GET /script.js HTTP/1.1" 304 -
::1 - - [16/Dec/2023:17:25:19 +0000] "GET /favicon.ico HTTP/1.1" 200 3571
::1 - - [16/Dec/2023:17:25:24 +0000] "GET /report.html HTTP/1.1" 200 3571
::1 - - [16/Dec/2023:17:25:24 +0000] "GET /script.js HTTP/1.1" 304 -
::1 - - [16/Dec/2023:17:25:24 +0000] "GET /favicon.ico HTTP/1.1" 200 3571
::1 - - [16/Dec/2023:17:25:48 +0000] "GET /favicon.ico HTTP/1.1" 200 3571
::1 - - [16/Dec/2023:17:25:51 +0000] "GET /report.html HTTP/1.1" 200 3571
::1 - - [16/Dec/2023:17:25:51 +0000] "GET /script.js HTTP/1.1" 304 -
::1 - - [16/Dec/2023:17:25:51 +0000] "GET /favicon.ico HTTP/1.1" 200 3571
::1 - - [16/Dec/2023:17:26:21 +0000] "GET /report.html HTTP/1.1" 200 3571
::1 - - [16/Dec/2023:17:26:21 +0000] "GET /script.js HTTP/1.1" 304 -
::1 - - [16/Dec/2023:17:26:21 +0000] "GET /favicon.ico HTTP/1.1" 200 3571
::1 - - [16/Dec/2023:17:26:23 +0000] "GET /report.html HTTP/1.1" 200 3571
::1 - - [16/Dec/2023:17:26:23 +0000] "GET /script.js HTTP/1.1" 304 -
::1 - - [16/Dec/2023:17:26:23 +0000] "GET /favicon.ico HTTP/1.1" 200 3571
::1 - - [16/Dec/2023:17:26:24 +0000] "GET /report.html HTTP/1.1" 200 3571
::1 - - [16/Dec/2023:17:26:24 +0000] "GET /script.js HTTP/1.1" 304 -
::1 - - [16/Dec/2023:17:26:24 +0000] "GET /favicon.ico HTTP/1.1" 200 3571
::1 - - [16/Dec/2023:17:28:45 +0000] "GET /report.html HTTP/1.1" 200 1289
::1 - - [16/Dec/2023:17:28:45 +0000] "GET /report.js HTTP/1.1" 200 1026
::1 - - [16/Dec/2023:17:28:46 +0000] "GET /favicon.ico HTTP/1.1" 404 259
::1 - - [16/Dec/2023:17:28:50 +0000] "GET / HTTP/1.1" 404 139
::1 - - [16/Dec/2023:17:29:33 +0000] "GET / HTTP/1.1" 404 139
::1 - - [16/Dec/2023:17:29:34 +0000] "GET / HTTP/1.1" 404 139
::1 - - [16/Dec/2023:17:29:35 +0000] "GET / HTTP/1.1" 404 139
::1 - - [16/Dec/2023:17:29:53 +0000] "GET / HTTP/1.1" 404 139
::1 - - [16/Dec/2023:17:29:54 +0000] "GET / HTTP/1.1" 404 139
::1 - - [16/Dec/2023:17:29:55 +0000] "GET / HTTP/1.1" 404 139
::1 - - [16/Dec/2023:17:30:21 +0000] "GET / HTTP/1.1" 404 139
::1 - - [16/Dec/2023:17:31:06 +0000] "GET / HTTP/1.1" 404 139
::1 - - [16/Dec/2023:17:31:07 +0000] "GET / HTTP/1.1" 404 139
::1 - - [16/Dec/2023:17:31:18 +0000] "GET / HTTP/1.1" 200 3571
::1 - - [16/Dec/2023:17:31:18 +0000] "GET /script.js HTTP/1.1" 200 6328
::1 - - [16/Dec/2023:17:31:19 +0000] "GET / HTTP/1.1" 200 3571
::1 - - [16/Dec/2023:17:31:19 +0000] "GET /script.js HTTP/1.1" 304 -
::1 - - [16/Dec/2023:17:31:20 +0000] "GET /report.html HTTP/1.1" 200 1289
::1 - - [16/Dec/2023:17:31:21 +0000] "GET /report.js HTTP/1.1" 200 1026
::1 - - [16/Dec/2023:17:31:23 +0000] "GET / HTTP/1.1" 200 3571
::1 - - [16/Dec/2023:17:31:35 +0000] "GET /? HTTP/1.1" 404 249
::1 - - [16/Dec/2023:17:32:04 +0000] "GET / HTTP/1.1" 200 3571
::1 - - [16/Dec/2023:17:32:04 +0000] "GET /script.js HTTP/1.1" 200 6328
::1 - - [16/Dec/2023:17:32:30 +0000] "GET / HTTP/1.1" 200 3571
::1 - - [16/Dec/2023:17:32:30 +0000] "GET /script.js HTTP/1.1" 304 -
::1 - - [16/Dec/2023:17:32:34 +0000] "GET / HTTP/1.1" 200 3571
::1 - - [16/Dec/2023:17:32:34 +0000] "GET /script.js HTTP/1.1" 304 -
::1 - - [16/Dec/2023:17:32:48 +0000] "GET / HTTP/1.1" 200 3571
::1 - - [16/Dec/2023:17:32:49 +0000] "GET /script.js HTTP/1.1" 304 -
::1 - - [16/Dec/2023:17:33:32 +0000] "GET / HTTP/1.1" 200 3571
::1 - - [16/Dec/2023:17:33:32 +0000] "GET /script.js HTTP/1.1" 200 6328
::1 - - [16/Dec/2023:17:33:33 +0000] "GET /favicon.ico HTTP/1.1" 404 259
::1 - - [16/Dec/2023:17:34:06 +0000] "GET /? HTTP/1.1" 404 249
::1 - - [16/Dec/2023:17:34:14 +0000] "GET / HTTP/1.1" 200 3571
::1 - - [16/Dec/2023:17:34:57 +0000] "GET / HTTP/1.1" 200 3569
::1 - - [16/Dec/2023:17:34:57 +0000] "GET /script.js HTTP/1.1" 304 -
::1 - - [16/Dec/2023:17:35:00 +0000] "GET / HTTP/1.1" 200 3569
::1 - - [16/Dec/2023:17:35:00 +0000] "GET /script.js HTTP/1.1" 304 -
::1 - - [16/Dec/2023:17:36:18 +0000] "GET / HTTP/1.1" 200 3569
::1 - - [16/Dec/2023:17:36:18 +0000] "GET /script.js HTTP/1.1" 304 -
::1 - - [16/Dec/2023:17:37:48 +0000] "GET / HTTP/1.1" 200 3569
::1 - - [16/Dec/2023:17:37:48 +0000] "GET /script.js HTTP/1.1" 200 6328
::1 - - [16/Dec/2023:17:37:53 +0000] "GET /api/expense/getexpense?page=1&row=10 HTTP/1.1" 401 17
::1 - - [16/Dec/2023:17:39:22 +0000] "GET / HTTP/1.1" 200 3569
::1 - - [16/Dec/2023:17:39:23 +0000] "GET /script.js HTTP/1.1" 200 6407
::1 - - [16/Dec/2023:17:39:25 +0000] "GET / HTTP/1.1" 200 3569
::1 - - [16/Dec/2023:17:39:25 +0000] "GET /script.js HTTP/1.1" 304 -
::1 - - [16/Dec/2023:17:40:29 +0000] "GET / HTTP/1.1" 200 3569
::1 - - [16/Dec/2023:17:40:29 +0000] "GET /script.js HTTP/1.1" 200 6415
::1 - - [16/Dec/2023:17:40:29 +0000] "GET /login.html HTTP/1.1" 200 1436
::1 - - [16/Dec/2023:17:40:29 +0000] "GET /loginScript.js HTTP/1.1" 200 832
::1 - - [16/Dec/2023:17:41:53 +0000] "GET /signup.html HTTP/1.1" 200 1881
::1 - - [16/Dec/2023:17:41:53 +0000] "GET /signupScript.js HTTP/1.1" 200 886
::1 - - [16/Dec/2023:17:42:30 +0000] "POST /api/auth/signup HTTP/1.1" 200 302
::1 - - [16/Dec/2023:17:42:36 +0000] "GET /login.html HTTP/1.1" 200 1436
::1 - - [16/Dec/2023:17:42:36 +0000] "GET /loginScript.js HTTP/1.1" 200 832
::1 - - [16/Dec/2023:17:43:13 +0000] "GET /login.html HTTP/1.1" 200 1436
::1 - - [16/Dec/2023:17:43:13 +0000] "GET /loginScript.js HTTP/1.1" 304 -
::1 - - [16/Dec/2023:17:43:14 +0000] "GET /login.html HTTP/1.1" 200 1436
::1 - - [16/Dec/2023:17:43:14 +0000] "GET /loginScript.js HTTP/1.1" 304 -
::1 - - [16/Dec/2023:17:43:36 +0000] "GET /signup.html HTTP/1.1" 200 1881
::1 - - [16/Dec/2023:17:43:36 +0000] "GET /signupScript.js HTTP/1.1" 200 886
::1 - - [16/Dec/2023:17:43:56 +0000] "POST /api/auth/signup HTTP/1.1" 200 44
::1 - - [16/Dec/2023:17:43:59 +0000] "GET /login.html HTTP/1.1" 200 1436
::1 - - [16/Dec/2023:17:44:00 +0000] "GET /loginScript.js HTTP/1.1" 200 832
::1 - - [16/Dec/2023:17:45:53 +0000] "GET /login.html HTTP/1.1" 200 1436
::1 - - [16/Dec/2023:17:45:53 +0000] "GET /loginScript.js HTTP/1.1" 304 -
